[   338.416] (--) Log file renamed from "/home/student/.local/share/xorg/Xorg.pid-1684.log" to "/home/student/.local/share/xorg/Xorg.0.log"
[   338.419] 
X.Org X Server 1.20.1
X Protocol Version 11, Revision 0
[   338.419] Build Operating System: Linux 4.4.0-140-generic x86_64 Ubuntu
[   338.419] Current Operating System: Linux ubuntu 5.0.0-29-generic #31~18.04.1-Ubuntu SMP Thu Sep 12 18:29:21 UTC 2019 x86_64
[   338.419] Kernel command line: BOOT_IMAGE=/boot/vmlinuz-5.0.0-29-generic root=UUID=fc926a6b-34a2-4389-9c70-356116dfa312 ro find_preseed=/preseed.cfg auto noprompt priority=critical locale=en_US quiet
[   338.419] Build Date: 27 November 2018  05:27:12PM
[   338.419] xorg-server-hwe-18.04 2:1.20.1-3ubuntu2.1~18.04.1 (For technical support please see http://www.ubuntu.com/support) 
[   338.420] Current version of pixman: 0.34.0
[   338.420] 	Before reporting problems, check http://wiki.x.org
	to make sure that you have the latest version.
[   338.420] Markers: (--) probed, (**) from config file, (==) default setting,
	(++) from command line, (!!) notice, (II) informational,
	(WW) warning, (EE) error, (NI) not implemented, (??) unknown.
[   338.420] (==) Log file: "/home/student/.local/share/xorg/Xorg.0.log", Time: Wed Oct  9 08:54:11 2019
[   338.421] (==) Using system config directory "/usr/share/X11/xorg.conf.d"
[   338.423] (==) No Layout section.  Using the first Screen section.
[   338.423] (==) No screen section available. Using defaults.
[   338.423] (**) |-->Screen "Default Screen Section" (0)
[   338.423] (**) |   |-->Monitor "<default monitor>"
[   338.424] (==) No monitor specified for screen "Default Screen Section".
	Using a default monitor configuration.
[   338.424] (==) Automatically adding devices
[   338.424] (==) Automatically enabling devices
[   338.424] (==) Automatically adding GPU devices
[   338.424] (==) Automatically binding GPU devices
[   338.424] (==) Max clients allowed: 256, resource mask: 0x1fffff
[   338.424] (WW) The directory "/usr/share/fonts/X11/cyrillic" does not exist.
[   338.424] 	Entry deleted from font path.
[   338.424] (WW) The directory "/usr/share/fonts/X11/100dpi/" does not exist.
[   338.424] 	Entry deleted from font path.
[   338.424] (WW) The directory "/usr/share/fonts/X11/75dpi/" does not exist.
[   338.424] 	Entry deleted from font path.
[   338.424] (WW) The directory "/usr/share/fonts/X11/100dpi" does not exist.
[   338.424] 	Entry deleted from font path.
[   338.424] (WW) The directory "/usr/share/fonts/X11/75dpi" does not exist.
[   338.424] 	Entry deleted from font path.
[   338.424] (==) FontPath set to:
	/usr/share/fonts/X11/misc,
	/usr/share/fonts/X11/Type1,
	built-ins
[   338.424] (==) ModulePath set to "/usr/lib/xorg/modules"
[   338.424] (II) The server relies on udev to provide the list of input devices.
	If no devices become available, reconfigure udev or disable AutoAddDevices.
[   338.424] (II) Loader magic: 0x55e4965a0020
[   338.424] (II) Module ABI versions:
[   338.424] 	X.Org ANSI C Emulation: 0.4
[   338.424] 	X.Org Video Driver: 24.0
[   338.424] 	X.Org XInput driver : 24.1
[   338.424] 	X.Org Server Extension : 10.0
[   338.427] (++) using VT number 2

[   338.430] (II) systemd-logind: took control of session /org/freedesktop/login1/session/_32
[   338.430] (II) xfree86: Adding drm device (/dev/dri/card0)
[   338.435] (II) systemd-logind: got fd for /dev/dri/card0 226:0 fd 12 paused 0
[   338.439] (--) PCI:*(0@0:15:0) 15ad:0405:15ad:0405 rev 0, Mem @ 0xe8000000/134217728, 0xfe000000/8388608, I/O @ 0x00001070/16, BIOS @ 0x????????/131072
[   338.439] (II) LoadModule: "glx"
[   338.441] (II) Loading /usr/lib/xorg/modules/extensions/libglx.so
[   338.444] (II) Module glx: vendor="X.Org Foundation"
[   338.444] 	compiled for 1.20.1, module version = 1.0.0
[   338.445] 	ABI class: X.Org Server Extension, version 10.0
[   338.445] (==) Matched vmware as autoconfigured driver 0
[   338.445] (==) Matched modesetting as autoconfigured driver 1
[   338.445] (==) Matched fbdev as autoconfigured driver 2
[   338.445] (==) Matched vesa as autoconfigured driver 3
[   338.445] (==) Assigned the driver to the xf86ConfigLayout
[   338.445] (II) LoadModule: "vmware"
[   338.445] (II) Loading /usr/lib/xorg/modules/drivers/vmware_drv.so
[   338.496] (II) Module vmware: vendor="X.Org Foundation"
[   338.496] 	compiled for 1.20.1, module version = 13.3.0
[   338.497] 	Module class: X.Org Video Driver
[   338.497] 	ABI class: X.Org Video Driver, version 24.0
[   338.497] (II) LoadModule: "modesetting"
[   338.497] (II) Loading /usr/lib/xorg/modules/drivers/modesetting_drv.so
[   338.499] (II) Module modesetting: vendor="X.Org Foundation"
[   338.499] 	compiled for 1.20.1, module version = 1.20.1
[   338.499] 	Module class: X.Org Video Driver
[   338.499] 	ABI class: X.Org Video Driver, version 24.0
[   338.499] (II) LoadModule: "fbdev"
[   338.501] (II) Loading /usr/lib/xorg/modules/drivers/fbdev_drv.so
[   338.501] (II) Module fbdev: vendor="X.Org Foundation"
[   338.502] 	compiled for 1.20.1, module version = 0.5.0
[   338.502] 	Module class: X.Org Video Driver
[   338.502] 	ABI class: X.Org Video Driver, version 24.0
[   338.502] (II) LoadModule: "vesa"
[   338.502] (II) Loading /usr/lib/xorg/modules/drivers/vesa_drv.so
[   338.503] (II) Module vesa: vendor="X.Org Foundation"
[   338.503] 	compiled for 1.20.1, module version = 2.4.0
[   338.504] 	Module class: X.Org Video Driver
[   338.504] 	ABI class: X.Org Video Driver, version 24.0
[   338.504] (II) vmware: driver for VMware SVGA: vmware0405, vmware0710
[   338.504] (II) modesetting: Driver for Modesetting Kernel Drivers: kms
[   338.504] (II) FBDEV: driver for framebuffer: fbdev
[   338.504] (II) VESA: driver for VESA chipsets: vesa
[   338.505] xf86EnableIOPorts: failed to set IOPL for I/O (Operation not permitted)
[   338.505] (WW) Falling back to old probe method for modesetting
[   338.505] (WW) Falling back to old probe method for fbdev
[   338.505] (II) Loading sub module "fbdevhw"
[   338.505] (II) LoadModule: "fbdevhw"
[   338.505] (II) Loading /usr/lib/xorg/modules/libfbdevhw.so
[   338.506] (II) Module fbdevhw: vendor="X.Org Foundation"
[   338.506] 	compiled for 1.20.1, module version = 0.0.2
[   338.506] 	ABI class: X.Org Video Driver, version 24.0
[   338.506] (EE) open /dev/fb0: Permission denied
[   338.507] (WW) VGA arbiter: cannot open kernel arbiter, no multi-card support
[   338.507] (II) vmware(0): Creating default Display subsection in Screen section
	"Default Screen Section" for depth/fbbpp 24/32
[   338.507] (--) vmware(0): DRM driver version is 2.15.0
[   338.507] (==) vmware(0): Depth 24, (--) framebuffer bpp 32
[   338.507] (==) vmware(0): RGB weight 888
[   338.507] (==) vmware(0): Default visual is TrueColor
[   338.507] (--) vmware(0): Min width 1, Max Width 16384.
[   338.507] (--) vmware(0): Min height 1, Max Height 16384.
[   338.509] (II) vmware(0): Output Virtual1 has no monitor section
[   338.509] (II) vmware(0): Output Virtual2 has no monitor section
[   338.509] (II) vmware(0): Output Virtual3 has no monitor section
[   338.509] (II) vmware(0): Output Virtual4 has no monitor section
[   338.509] (II) vmware(0): Output Virtual5 has no monitor section
[   338.509] (II) vmware(0): Output Virtual6 has no monitor section
[   338.510] (II) vmware(0): Output Virtual7 has no monitor section
[   338.510] (II) vmware(0): Output Virtual8 has no monitor section
[   338.510] (II) vmware(0): Printing probed modes for output Virtual1
[   338.510] (II) vmware(0): Modeline "1918x928"x60.0  133.76  1918 1968 2018 2068  928 978 1028 1078 -hsync +vsync (64.7 kHz eP)
[   338.511] (II) vmware(0): Modeline "2560x1600"x60.0  348.50  2560 2752 3032 3504  1600 1603 1609 1658 -hsync +vsync (99.5 kHz e)
[   338.511] (II) vmware(0): Modeline "1920x1440"x60.0  234.00  1920 2048 2256 2600  1440 1441 1444 1500 -hsync +vsync (90.0 kHz e)
[   338.511] (II) vmware(0): Modeline "1856x1392"x60.0  218.25  1856 1952 2176 2528  1392 1393 1396 1439 -hsync +vsync (86.3 kHz e)
[   338.511] (II) vmware(0): Modeline "1792x1344"x60.0  204.75  1792 1920 2120 2448  1344 1345 1348 1394 -hsync +vsync (83.6 kHz e)
[   338.511] (II) vmware(0): Modeline "1920x1200"x59.9  193.25  1920 2056 2256 2592  1200 1203 1209 1245 -hsync +vsync (74.6 kHz e)
[   338.511] (II) vmware(0): Modeline "1600x1200"x60.0  162.00  1600 1664 1856 2160  1200 1201 1204 1250 +hsync +vsync (75.0 kHz e)
[   338.511] (II) vmware(0): Modeline "1680x1050"x60.0  146.25  1680 1784 1960 2240  1050 1053 1059 1089 -hsync +vsync (65.3 kHz e)
[   338.511] (II) vmware(0): Modeline "1400x1050"x60.0  121.75  1400 1488 1632 1864  1050 1053 1057 1089 -hsync +vsync (65.3 kHz e)
[   338.511] (II) vmware(0): Modeline "1280x1024"x60.0  108.00  1280 1328 1440 1688  1024 1025 1028 1066 +hsync +vsync (64.0 kHz e)
[   338.512] (II) vmware(0): Modeline "1440x900"x59.9  106.50  1440 1520 1672 1904  900 903 909 934 -hsync +vsync (55.9 kHz e)
[   338.512] (II) vmware(0): Modeline "1280x960"x60.0  108.00  1280 1376 1488 1800  960 961 964 1000 +hsync +vsync (60.0 kHz e)
[   338.512] (II) vmware(0): Modeline "1360x768"x60.0   85.50  1360 1424 1536 1792  768 771 777 795 +hsync +vsync (47.7 kHz e)
[   338.512] (II) vmware(0): Modeline "1280x800"x59.8   83.50  1280 1352 1480 1680  800 803 809 831 +hsync -vsync (49.7 kHz e)
[   338.512] (II) vmware(0): Modeline "1152x864"x75.0  108.00  1152 1216 1344 1600  864 865 868 900 +hsync +vsync (67.5 kHz e)
[   338.512] (II) vmware(0): Modeline "1280x768"x59.9   79.50  1280 1344 1472 1664  768 771 778 798 -hsync +vsync (47.8 kHz e)
[   338.512] (II) vmware(0): Modeline "1024x768"x60.0   65.00  1024 1048 1184 1344  768 771 777 806 -hsync -vsync (48.4 kHz e)
[   338.512] (II) vmware(0): Modeline "800x600"x60.3   40.00  800 840 968 1056  600 601 605 628 +hsync +vsync (37.9 kHz e)
[   338.512] (II) vmware(0): Modeline "640x480"x59.9   25.18  640 656 752 800  480 489 492 525 -hsync -vsync (31.5 kHz e)
[   338.512] (II) vmware(0): EDID for output Virtual2
[   338.513] (II) vmware(0): EDID for output Virtual3
[   338.513] (II) vmware(0): EDID for output Virtual4
[   338.513] (II) vmware(0): EDID for output Virtual5
[   338.513] (II) vmware(0): EDID for output Virtual6
[   338.513] (II) vmware(0): EDID for output Virtual7
[   338.513] (II) vmware(0): EDID for output Virtual8
[   338.513] (II) vmware(0): Output Virtual1 connected
[   338.513] (II) vmware(0): Output Virtual2 disconnected
[   338.513] (II) vmware(0): Output Virtual3 disconnected
[   338.513] (II) vmware(0): Output Virtual4 disconnected
[   338.514] (II) vmware(0): Output Virtual5 disconnected
[   338.514] (II) vmware(0): Output Virtual6 disconnected
[   338.514] (II) vmware(0): Output Virtual7 disconnected
[   338.514] (II) vmware(0): Output Virtual8 disconnected
[   338.514] (II) vmware(0): Using exact sizes for initial modes
[   338.514] (II) vmware(0): Output Virtual1 using initial mode 1918x928 +0+0
[   338.514] (==) vmware(0): DPI set to (96, 96)
[   338.514] (==) vmware(0): Using gamma correction (1.0, 1.0, 1.0)
[   338.514] (II) Loading sub module "fb"
[   338.514] (II) LoadModule: "fb"
[   338.515] (II) Loading /usr/lib/xorg/modules/libfb.so
[   338.516] (II) Module fb: vendor="X.Org Foundation"
[   338.516] 	compiled for 1.20.1, module version = 1.0.0
[   338.517] 	ABI class: X.Org ANSI C Emulation, version 0.4
[   338.517] (II) Loading sub module "dri2"
[   338.517] (II) LoadModule: "dri2"
[   338.517] (II) Module "dri2" already built-in
[   338.517] (II) Loading sub module "dri3"
[   338.517] (II) LoadModule: "dri3"
[   338.517] (II) Module "dri3" already built-in
[   338.517] (II) UnloadModule: "modesetting"
[   338.518] (II) Unloading modesetting
[   338.518] (II) UnloadModule: "fbdev"
[   338.518] (II) Unloading fbdev
[   338.518] (II) UnloadSubModule: "fbdevhw"
[   338.518] (II) Unloading fbdevhw
[   338.518] (II) UnloadModule: "vesa"
[   338.518] (II) Unloading vesa
[   338.521] (II) vmware(0): Initialized VMWARE_CTRL extension version 0.2
[   338.550] (II) vmware(0): Gallium3D XA version: 2.4.0.
[   338.550] (II) vmware(0): Path of drm device is "/dev/dri/card0".
[   338.551] (II) vmware(0): [DRI2] Setup complete
[   338.551] (II) vmware(0): [DRI2]   DRI driver: vmwgfx
[   339.373] (--) vmware(0): Render acceleration is enabled.
[   339.373] (==) vmware(0): Rendercheck mode is disabled.
[   339.373] (--) vmware(0): Direct rendering (DRI2 3D) is enabled.
[   339.373] (--) vmware(0): Direct rendering (DRI3 3D) is enabled.
[   339.374] (==) vmware(0): Direct presents are disabled.
[   339.374] (==) vmware(0): Hardware only presents are automatic per scanout.
[   339.374] (==) vmware(0): Backing store enabled
[   339.374] (==) vmware(0): Silken mouse enabled
[   339.378] (==) vmware(0): DPMS enabled
[   339.379] (II) Initializing extension Generic Event Extension
[   339.379] (II) Initializing extension SHAPE
[   339.379] (II) Initializing extension MIT-SHM
[   339.380] (II) Initializing extension XInputExtension
[   339.385] (II) Initializing extension XTEST
[   339.385] (II) Initializing extension BIG-REQUESTS
[   339.386] (II) Initializing extension SYNC
[   339.387] (II) Initializing extension XKEYBOARD
[   339.387] (II) Initializing extension XC-MISC
[   339.387] (II) Initializing extension SECURITY
[   339.387] (II) Initializing extension XFIXES
[   339.388] (II) Initializing extension RENDER
[   339.388] (II) Initializing extension RANDR
[   339.388] (II) Initializing extension COMPOSITE
[   339.389] (II) Initializing extension DAMAGE
[   339.389] (II) Initializing extension MIT-SCREEN-SAVER
[   339.390] (II) Initializing extension DOUBLE-BUFFER
[   339.390] (II) Initializing extension RECORD
[   339.390] (II) Initializing extension DPMS
[   339.391] (II) Initializing extension Present
[   339.392] (II) Initializing extension DRI3
[   339.392] (II) Initializing extension X-Resource
[   339.392] (II) Initializing extension XVideo
[   339.392] (II) Initializing extension XVideo-MotionCompensation
[   339.392] (II) Initializing extension SELinux
[   339.392] (II) SELinux: Disabled on system
[   339.392] (II) Initializing extension GLX
[   339.415] (II) AIGLX: Loaded and initialized vmwgfx
[   339.416] (II) GLX: Initialized DRI2 GL provider for screen 0
[   339.416] (II) Initializing extension XFree86-VidModeExtension
[   339.416] (II) Initializing extension XFree86-DGA
[   339.416] (II) Initializing extension XFree86-DRI
[   339.416] (II) Initializing extension DRI2
[   339.468] (II) vmware(0): Setting screen physical size to 507 x 245
[   339.565] (II) config/udev: Adding input device Power Button (/dev/input/event0)
[   339.565] (**) Power Button: Applying InputClass "libinput keyboard catchall"
[   339.565] (II) LoadModule: "libinput"
[   339.566] (II) Loading /usr/lib/xorg/modules/input/libinput_drv.so
[   339.569] (II) Module libinput: vendor="X.Org Foundation"
[   339.569] 	compiled for 1.20.1, module version = 0.28.1
[   339.569] 	Module class: X.Org XInput Driver
[   339.569] 	ABI class: X.Org XInput driver, version 24.1
[   339.569] (II) Using input driver 'libinput' for 'Power Button'
[   339.578] (II) systemd-logind: got fd for /dev/input/event0 13:64 fd 24 paused 0
[   339.578] (**) Power Button: always reports core events
[   339.578] (**) Option "Device" "/dev/input/event0"
[   339.578] (**) Option "_source" "server/udev"
[   339.580] (II) event0  - Power Button: is tagged by udev as: Keyboard
[   339.580] (II) event0  - Power Button: device is a keyboard
[   339.581] (II) event0  - Power Button: device removed
[   339.581] (**) Option "config_info" "udev:/sys/devices/LNXSYSTM:00/LNXPWRBN:00/input/input0/event0"
[   339.581] (II) XINPUT: Adding extended input device "Power Button" (type: KEYBOARD, id 6)
[   339.581] (**) Option "xkb_model" "SKIP"
[   339.581] (**) Option "xkb_layout" "us"
[   339.626] (II) event0  - Power Button: is tagged by udev as: Keyboard
[   339.626] (II) event0  - Power Button: device is a keyboard
[   339.627] (II) config/udev: Adding input device VMware VMware Virtual USB Mouse (/dev/input/event4)
[   339.627] (**) VMware VMware Virtual USB Mouse: Applying InputClass "libinput pointer catchall"
[   339.627] (II) Using input driver 'libinput' for 'VMware VMware Virtual USB Mouse'
[   339.706] (II) systemd-logind: got fd for /dev/input/event4 13:68 fd 27 paused 0
[   339.707] (**) VMware VMware Virtual USB Mouse: always reports core events
[   339.707] (**) Option "Device" "/dev/input/event4"
[   339.710] (**) Option "_source" "server/udev"
[   339.712] (II) event4  - VMware VMware Virtual USB Mouse: is tagged by udev as: Mouse
[   339.713] (II) event4  - VMware VMware Virtual USB Mouse: device is a pointer
[   339.713] (II) event4  - VMware VMware Virtual USB Mouse: device removed
[   339.715] (**) Option "config_info" "udev:/sys/devices/pci0000:00/0000:00:11.0/0000:02:00.0/usb2/2-1/2-1:1.0/0003:0E0F:0003.0001/input/input5/event4"
[   339.715] (II) XINPUT: Adding extended input device "VMware VMware Virtual USB Mouse" (type: MOUSE, id 7)
[   339.716] (**) Option "AccelerationScheme" "none"
[   339.716] (**) VMware VMware Virtual USB Mouse: (accel) selected scheme none/0
[   339.716] (**) VMware VMware Virtual USB Mouse: (accel) acceleration factor: 2.000
[   339.716] (**) VMware VMware Virtual USB Mouse: (accel) acceleration threshold: 4
[   339.718] (II) event4  - VMware VMware Virtual USB Mouse: is tagged by udev as: Mouse
[   339.718] (II) event4  - VMware VMware Virtual USB Mouse: device is a pointer
[   339.722] (II) config/udev: Adding input device VMware VMware Virtual USB Mouse (/dev/input/mouse2)
[   339.722] (II) No input driver specified, ignoring this device.
[   339.722] (II) This device may have been added with another device file.
[   339.723] (II) config/udev: Adding input device AT Translated Set 2 keyboard (/dev/input/event1)
[   339.723] (**) AT Translated Set 2 keyboard: Applying InputClass "libinput keyboard catchall"
[   339.724] (II) Using input driver 'libinput' for 'AT Translated Set 2 keyboard'
[   339.726] (II) systemd-logind: got fd for /dev/input/event1 13:65 fd 28 paused 0
[   339.726] (**) AT Translated Set 2 keyboard: always reports core events
[   339.726] (**) Option "Device" "/dev/input/event1"
[   339.727] (**) Option "_source" "server/udev"
[   339.730] (II) event1  - AT Translated Set 2 keyboard: is tagged by udev as: Keyboard
[   339.730] (II) event1  - AT Translated Set 2 keyboard: device is a keyboard
[   339.731] (II) event1  - AT Translated Set 2 keyboard: device removed
[   339.731] (**) Option "config_info" "udev:/sys/devices/platform/i8042/serio0/input/input1/event1"
[   339.731] (II) XINPUT: Adding extended input device "AT Translated Set 2 keyboard" (type: KEYBOARD, id 8)
[   339.731] (**) Option "xkb_model" "SKIP"
[   339.732] (**) Option "xkb_layout" "us"
[   339.734] (II) event1  - AT Translated Set 2 keyboard: is tagged by udev as: Keyboard
[   339.734] (II) event1  - AT Translated Set 2 keyboard: device is a keyboard
[   339.735] (II) config/udev: Adding input device VirtualPS/2 VMware VMMouse (/dev/input/event3)
[   339.737] (**) VirtualPS/2 VMware VMMouse: Applying InputClass "libinput pointer catchall"
[   339.738] (II) Using input driver 'libinput' for 'VirtualPS/2 VMware VMMouse'
[   339.739] (II) systemd-logind: got fd for /dev/input/event3 13:67 fd 29 paused 0
[   339.739] (**) VirtualPS/2 VMware VMMouse: always reports core events
[   339.739] (**) Option "Device" "/dev/input/event3"
[   339.739] (**) Option "_source" "server/udev"
[   339.739] (II) event3  - VirtualPS/2 VMware VMMouse: is tagged by udev as: Mouse
[   339.739] (II) event3  - VirtualPS/2 VMware VMMouse: device is a pointer
[   339.740] (II) event3  - VirtualPS/2 VMware VMMouse: device removed
[   339.740] (**) Option "config_info" "udev:/sys/devices/platform/i8042/serio1/input/input3/event3"
[   339.740] (II) XINPUT: Adding extended input device "VirtualPS/2 VMware VMMouse" (type: MOUSE, id 9)
[   339.740] (**) Option "AccelerationScheme" "none"
[   339.740] (**) VirtualPS/2 VMware VMMouse: (accel) selected scheme none/0
[   339.740] (**) VirtualPS/2 VMware VMMouse: (accel) acceleration factor: 2.000
[   339.740] (**) VirtualPS/2 VMware VMMouse: (accel) acceleration threshold: 4
[   339.741] (II) event3  - VirtualPS/2 VMware VMMouse: is tagged by udev as: Mouse
[   339.741] (II) event3  - VirtualPS/2 VMware VMMouse: device is a pointer
[   339.741] (II) config/udev: Adding input device VirtualPS/2 VMware VMMouse (/dev/input/mouse1)
[   339.741] (II) No input driver specified, ignoring this device.
[   339.741] (II) This device may have been added with another device file.
[   339.741] (II) config/udev: Adding input device VirtualPS/2 VMware VMMouse (/dev/input/event2)
[   339.742] (**) VirtualPS/2 VMware VMMouse: Applying InputClass "libinput pointer catchall"
[   339.742] (II) Using input driver 'libinput' for 'VirtualPS/2 VMware VMMouse'
[   339.743] (II) systemd-logind: got fd for /dev/input/event2 13:66 fd 30 paused 0
[   339.743] (**) VirtualPS/2 VMware VMMouse: always reports core events
[   339.743] (**) Option "Device" "/dev/input/event2"
[   339.743] (**) Option "_source" "server/udev"
[   339.745] (II) event2  - VirtualPS/2 VMware VMMouse: is tagged by udev as: Mouse
[   339.746] (II) event2  - VirtualPS/2 VMware VMMouse: device is a pointer
[   339.746] (II) event2  - VirtualPS/2 VMware VMMouse: device removed
[   339.746] (**) Option "config_info" "udev:/sys/devices/platform/i8042/serio1/input/input4/event2"
[   339.746] (II) XINPUT: Adding extended input device "VirtualPS/2 VMware VMMouse" (type: MOUSE, id 10)
[   339.746] (**) Option "AccelerationScheme" "none"
[   339.746] (**) VirtualPS/2 VMware VMMouse: (accel) selected scheme none/0
[   339.746] (**) VirtualPS/2 VMware VMMouse: (accel) acceleration factor: 2.000
[   339.746] (**) VirtualPS/2 VMware VMMouse: (accel) acceleration threshold: 4
[   339.747] (II) event2  - VirtualPS/2 VMware VMMouse: is tagged by udev as: Mouse
[   339.747] (II) event2  - VirtualPS/2 VMware VMMouse: device is a pointer
[   339.748] (II) config/udev: Adding input device VirtualPS/2 VMware VMMouse (/dev/input/mouse0)
[   339.748] (II) No input driver specified, ignoring this device.
[   339.749] (II) This device may have been added with another device file.
